Found 500 videos in train split
Class to label mapping: {'BodyWeightSquats': 0, 'HandstandPushups': 1, 'HandstandWalking': 2, 'JumpRope': 3, 'JumpingJack': 4, 'Lunges': 5, 'PullUps': 6, 'PushUps': 7, 'TrampolineJumping': 8, 'WallPushups': 9}
Found 10 classes: ['BodyWeightSquats', 'HandstandPushups', 'HandstandWalking', 'JumpRope', 'JumpingJack', 'Lunges', 'PullUps', 'PushUps', 'TrampolineJumping', 'WallPushups']
Found 120 videos in val split
Class to label mapping: {'BodyWeightSquats': 0, 'HandstandPushups': 1, 'HandstandWalking': 2, 'JumpRope': 3, 'JumpingJack': 4, 'Lunges': 5, 'PullUps': 6, 'PushUps': 7, 'TrampolineJumping': 8, 'WallPushups': 9}
Found 10 classes: ['BodyWeightSquats', 'HandstandPushups', 'HandstandWalking', 'JumpRope', 'JumpingJack', 'Lunges', 'PullUps', 'PushUps', 'TrampolineJumping', 'WallPushups']
Found 120 videos in test split
Class to label mapping: {'BodyWeightSquats': 0, 'HandstandPushups': 1, 'HandstandWalking': 2, 'JumpRope': 3, 'JumpingJack': 4, 'Lunges': 5, 'PullUps': 6, 'PushUps': 7, 'TrampolineJumping': 8, 'WallPushups': 9}
Found 10 classes: ['BodyWeightSquats', 'HandstandPushups', 'HandstandWalking', 'JumpRope', 'JumpingJack', 'Lunges', 'PullUps', 'PushUps', 'TrampolineJumping', 'WallPushups']
Number of classes: 10
Class names: ['BodyWeightSquats', 'HandstandPushups', 'HandstandWalking', 'JumpRope', 'JumpingJack', 'Lunges', 'PullUps', 'PushUps', 'TrampolineJumping', 'WallPushups']
Train samples: 500
Val samples: 120
Test samples: 120
Total parameters: 1,473,610
Testing forward pass...
Forward pass successful! Output shape: torch.Size([2, 10])

============================================================
STARTING TRAINING WITH EARLY STOPPING
============================================================
Using device: cuda
Early stopping enabled: patience=15, min_epochs=10
Epoch 1, Batch 0, Loss: 2.2757
Epoch 1, Batch 20, Loss: 2.3024
Epoch 1, Batch 40, Loss: 2.2319
  → New best model saved! Val Acc: 14.17%
Epoch [1/100], Train Loss: 2.2792, Train Acc: 17.00%, Val Loss: 2.2611, Val Acc: 14.17%, Patience: 0/15
Epoch 2, Batch 0, Loss: 2.2489
Epoch 2, Batch 20, Loss: 2.1879
Epoch 2, Batch 40, Loss: 2.2388
  → New best model saved! Val Acc: 20.83%
Epoch [2/100], Train Loss: 2.2341, Train Acc: 21.00%, Val Loss: 2.2311, Val Acc: 20.83%, Patience: 0/15
Epoch 3, Batch 0, Loss: 2.2456
Epoch 3, Batch 20, Loss: 2.1692
Epoch 3, Batch 40, Loss: 2.2223
  → New best model saved! Val Acc: 23.33%
Epoch [3/100], Train Loss: 2.1947, Train Acc: 21.00%, Val Loss: 2.1877, Val Acc: 23.33%, Patience: 0/15
Epoch 4, Batch 0, Loss: 2.1752
Epoch 4, Batch 20, Loss: 2.2702
Epoch 4, Batch 40, Loss: 2.2247
Epoch [4/100], Train Loss: 2.1286, Train Acc: 25.40%, Val Loss: 2.1797, Val Acc: 21.67%, Patience: 0/15
Epoch 5, Batch 0, Loss: 2.0266
Epoch 5, Batch 20, Loss: 2.0207
Epoch 5, Batch 40, Loss: 2.0132
Epoch [5/100], Train Loss: 2.0694, Train Acc: 28.60%, Val Loss: 2.1338, Val Acc: 21.67%, Patience: 0/15
Epoch 6, Batch 0, Loss: 1.9541
Epoch 6, Batch 20, Loss: 1.9407
Epoch 6, Batch 40, Loss: 1.9042
  → New best model saved! Val Acc: 24.17%
Epoch [6/100], Train Loss: 1.9743, Train Acc: 30.20%, Val Loss: 2.0865, Val Acc: 24.17%, Patience: 0/15
Epoch 7, Batch 0, Loss: 1.9704
Epoch 7, Batch 20, Loss: 2.0490
Epoch 7, Batch 40, Loss: 1.7876
  → New best model saved! Val Acc: 30.83%
Epoch [7/100], Train Loss: 1.9510, Train Acc: 31.40%, Val Loss: 2.0262, Val Acc: 30.83%, Patience: 0/15
Epoch 8, Batch 0, Loss: 1.9466
Epoch 8, Batch 20, Loss: 2.2440
Epoch 8, Batch 40, Loss: 1.7607
Epoch [8/100], Train Loss: 1.9057, Train Acc: 32.40%, Val Loss: 1.9931, Val Acc: 30.83%, Patience: 0/15
Epoch 9, Batch 0, Loss: 1.8934
Epoch 9, Batch 20, Loss: 1.8976
Epoch 9, Batch 40, Loss: 2.1223
Epoch [9/100], Train Loss: 1.8686, Train Acc: 33.40%, Val Loss: 1.9705, Val Acc: 27.50%, Patience: 0/15
Epoch 10, Batch 0, Loss: 1.8720
Epoch 10, Batch 20, Loss: 1.9825
Epoch 10, Batch 40, Loss: 1.6344
Epoch [10/100], Train Loss: 1.8543, Train Acc: 32.60%, Val Loss: 2.0524, Val Acc: 27.50%, Patience: 1/15
Epoch 11, Batch 0, Loss: 2.0865
Epoch 11, Batch 20, Loss: 2.0624
Epoch 11, Batch 40, Loss: 2.0813
  → New best model saved! Val Acc: 35.83%
Epoch [11/100], Train Loss: 1.8683, Train Acc: 32.80%, Val Loss: 1.9216, Val Acc: 35.83%, Patience: 0/15
Epoch 12, Batch 0, Loss: 1.8171
Epoch 12, Batch 20, Loss: 1.5231
Epoch 12, Batch 40, Loss: 1.7668
Epoch [12/100], Train Loss: 1.8222, Train Acc: 33.40%, Val Loss: 2.0569, Val Acc: 26.67%, Patience: 1/15
Epoch 13, Batch 0, Loss: 1.9513
Epoch 13, Batch 20, Loss: 1.6182
Epoch 13, Batch 40, Loss: 1.7874
Epoch [13/100], Train Loss: 1.7435, Train Acc: 36.00%, Val Loss: 2.2508, Val Acc: 27.50%, Patience: 2/15
Epoch 14, Batch 0, Loss: 1.6649
Epoch 14, Batch 20, Loss: 1.8421
Epoch 14, Batch 40, Loss: 1.7387
Epoch [14/100], Train Loss: 1.7200, Train Acc: 37.80%, Val Loss: 1.7869, Val Acc: 34.17%, Patience: 0/15
Epoch 15, Batch 0, Loss: 1.7916
Epoch 15, Batch 20, Loss: 1.8779
Epoch 15, Batch 40, Loss: 1.9807
Epoch [15/100], Train Loss: 1.6444, Train Acc: 41.00%, Val Loss: 1.8029, Val Acc: 35.83%, Patience: 1/15
Epoch 16, Batch 0, Loss: 1.4072
Epoch 16, Batch 20, Loss: 1.7162
Epoch 16, Batch 40, Loss: 1.6015
  → New best model saved! Val Acc: 40.00%
Epoch [16/100], Train Loss: 1.6576, Train Acc: 43.60%, Val Loss: 1.7879, Val Acc: 40.00%, Patience: 0/15
Epoch 17, Batch 0, Loss: 1.6971
Epoch 17, Batch 20, Loss: 1.8983
Epoch 17, Batch 40, Loss: 1.1861
Epoch [17/100], Train Loss: 1.6537, Train Acc: 43.20%, Val Loss: 1.7488, Val Acc: 39.17%, Patience: 0/15
Epoch 18, Batch 0, Loss: 1.5948
Epoch 18, Batch 20, Loss: 1.7680
Epoch 18, Batch 40, Loss: 1.8287
Epoch [18/100], Train Loss: 1.5791, Train Acc: 45.60%, Val Loss: 1.8756, Val Acc: 27.50%, Patience: 1/15
Epoch 19, Batch 0, Loss: 1.5380
Epoch 19, Batch 20, Loss: 1.7180
Epoch 19, Batch 40, Loss: 1.2850
  → New best model saved! Val Acc: 44.17%
Epoch [19/100], Train Loss: 1.5691, Train Acc: 45.60%, Val Loss: 1.6246, Val Acc: 44.17%, Patience: 0/15
Epoch 20, Batch 0, Loss: 1.5037
Epoch 20, Batch 20, Loss: 1.8524
Epoch 20, Batch 40, Loss: 1.6497
  → New best model saved! Val Acc: 49.17%
Epoch [20/100], Train Loss: 1.5494, Train Acc: 44.60%, Val Loss: 1.5846, Val Acc: 49.17%, Patience: 0/15
Epoch 21, Batch 0, Loss: 1.8168
Epoch 21, Batch 20, Loss: 1.7162
Epoch 21, Batch 40, Loss: 1.8182
  → New best model saved! Val Acc: 50.00%
Epoch [21/100], Train Loss: 1.5453, Train Acc: 45.40%, Val Loss: 1.5879, Val Acc: 50.00%, Patience: 0/15
Epoch 22, Batch 0, Loss: 1.6031
Epoch 22, Batch 20, Loss: 1.1837
Epoch 22, Batch 40, Loss: 1.1709
Epoch [22/100], Train Loss: 1.4900, Train Acc: 50.20%, Val Loss: 1.6998, Val Acc: 38.33%, Patience: 1/15
Epoch 23, Batch 0, Loss: 1.6210
Epoch 23, Batch 20, Loss: 1.0001
Epoch 23, Batch 40, Loss: 1.2586
Epoch [23/100], Train Loss: 1.4223, Train Acc: 50.60%, Val Loss: 1.8462, Val Acc: 33.33%, Patience: 2/15
Epoch 24, Batch 0, Loss: 1.2171
Epoch 24, Batch 20, Loss: 1.3784
Epoch 24, Batch 40, Loss: 1.2089
Epoch [24/100], Train Loss: 1.3829, Train Acc: 49.40%, Val Loss: 1.5707, Val Acc: 44.17%, Patience: 0/15
Epoch 25, Batch 0, Loss: 1.5197
Epoch 25, Batch 20, Loss: 1.0050
Epoch 25, Batch 40, Loss: 1.2758
Epoch [25/100], Train Loss: 1.3367, Train Acc: 54.80%, Val Loss: 1.5507, Val Acc: 45.00%, Patience: 0/15
Epoch 26, Batch 0, Loss: 1.2348
Epoch 26, Batch 20, Loss: 1.1599
Epoch 26, Batch 40, Loss: 1.0025
Epoch [26/100], Train Loss: 1.2974, Train Acc: 58.00%, Val Loss: 1.7080, Val Acc: 44.17%, Patience: 1/15
Epoch 27, Batch 0, Loss: 1.1135
Epoch 27, Batch 20, Loss: 1.1668
Epoch 27, Batch 40, Loss: 1.4724
  → New best model saved! Val Acc: 52.50%
Epoch [27/100], Train Loss: 1.3880, Train Acc: 51.40%, Val Loss: 1.4576, Val Acc: 52.50%, Patience: 0/15
Epoch 28, Batch 0, Loss: 1.0029
Epoch 28, Batch 20, Loss: 1.7873
Epoch 28, Batch 40, Loss: 1.5617
Epoch [28/100], Train Loss: 1.3177, Train Acc: 56.60%, Val Loss: 1.7775, Val Acc: 47.50%, Patience: 1/15
Epoch 29, Batch 0, Loss: 1.1510
Epoch 29, Batch 20, Loss: 0.7145
Epoch 29, Batch 40, Loss: 1.2246
Epoch [29/100], Train Loss: 1.3149, Train Acc: 57.60%, Val Loss: 1.7481, Val Acc: 45.83%, Patience: 2/15
Epoch 30, Batch 0, Loss: 1.5943
Epoch 30, Batch 20, Loss: 0.8530
Epoch 30, Batch 40, Loss: 1.4602
  → New best model saved! Val Acc: 53.33%
Epoch [30/100], Train Loss: 1.3119, Train Acc: 57.00%, Val Loss: 1.3941, Val Acc: 53.33%, Patience: 0/15
Epoch 31, Batch 0, Loss: 1.0847
Epoch 31, Batch 20, Loss: 1.4584
Epoch 31, Batch 40, Loss: 1.6670
Epoch [31/100], Train Loss: 1.2546, Train Acc: 56.60%, Val Loss: 1.4274, Val Acc: 52.50%, Patience: 1/15
Epoch 32, Batch 0, Loss: 1.6490
Epoch 32, Batch 20, Loss: 1.1881
Epoch 32, Batch 40, Loss: 1.0749
Epoch [32/100], Train Loss: 1.2208, Train Acc: 58.60%, Val Loss: 1.3053, Val Acc: 51.67%, Patience: 0/15
Epoch 33, Batch 0, Loss: 1.3157
Epoch 33, Batch 20, Loss: 1.3961
Epoch 33, Batch 40, Loss: 1.2028
Epoch [33/100], Train Loss: 1.1824, Train Acc: 61.80%, Val Loss: 1.5043, Val Acc: 47.50%, Patience: 1/15
Epoch 34, Batch 0, Loss: 1.1405
Epoch 34, Batch 20, Loss: 1.3521
Epoch 34, Batch 40, Loss: 0.9008
Epoch [34/100], Train Loss: 1.1482, Train Acc: 61.00%, Val Loss: 1.4624, Val Acc: 49.17%, Patience: 2/15
Epoch 35, Batch 0, Loss: 0.9742
Epoch 35, Batch 20, Loss: 1.3683
Epoch 35, Batch 40, Loss: 1.2386
  → New best model saved! Val Acc: 57.50%
Epoch [35/100], Train Loss: 1.0745, Train Acc: 64.80%, Val Loss: 1.2638, Val Acc: 57.50%, Patience: 0/15
Epoch 36, Batch 0, Loss: 1.3305
Epoch 36, Batch 20, Loss: 1.4359
Epoch 36, Batch 40, Loss: 1.0979
Epoch [36/100], Train Loss: 1.1166, Train Acc: 62.80%, Val Loss: 1.3737, Val Acc: 57.50%, Patience: 1/15
Epoch 37, Batch 0, Loss: 1.2511
Epoch 37, Batch 20, Loss: 1.0702
Epoch 37, Batch 40, Loss: 0.5605
Epoch [37/100], Train Loss: 1.0939, Train Acc: 62.40%, Val Loss: 1.4136, Val Acc: 53.33%, Patience: 2/15
Epoch 38, Batch 0, Loss: 1.4515
Epoch 38, Batch 20, Loss: 0.6735
Epoch 38, Batch 40, Loss: 1.1646
  → New best model saved! Val Acc: 63.33%
Epoch [38/100], Train Loss: 1.0495, Train Acc: 66.60%, Val Loss: 1.1072, Val Acc: 63.33%, Patience: 0/15
Epoch 39, Batch 0, Loss: 0.7294
Epoch 39, Batch 20, Loss: 0.6610
Epoch 39, Batch 40, Loss: 0.9503
Epoch [39/100], Train Loss: 1.1254, Train Acc: 65.80%, Val Loss: 1.3062, Val Acc: 58.33%, Patience: 1/15
Epoch 40, Batch 0, Loss: 0.8252
Epoch 40, Batch 20, Loss: 1.6470
Epoch 40, Batch 40, Loss: 0.9129
  → New best model saved! Val Acc: 66.67%
Epoch [40/100], Train Loss: 1.0986, Train Acc: 65.40%, Val Loss: 1.1360, Val Acc: 66.67%, Patience: 0/15
Epoch 41, Batch 0, Loss: 0.8790
Epoch 41, Batch 20, Loss: 1.1860
Epoch 41, Batch 40, Loss: 1.1392
Epoch [41/100], Train Loss: 0.9501, Train Acc: 70.40%, Val Loss: 1.5557, Val Acc: 47.50%, Patience: 1/15
Epoch 42, Batch 0, Loss: 1.2043
Epoch 42, Batch 20, Loss: 0.6615
Epoch 42, Batch 40, Loss: 0.8696
Epoch [42/100], Train Loss: 0.9749, Train Acc: 65.40%, Val Loss: 1.5741, Val Acc: 54.17%, Patience: 2/15
Epoch 43, Batch 0, Loss: 1.0342
Epoch 43, Batch 20, Loss: 0.6404
Epoch 43, Batch 40, Loss: 0.7230
Epoch [43/100], Train Loss: 0.8924, Train Acc: 72.60%, Val Loss: 1.1517, Val Acc: 60.83%, Patience: 3/15
Epoch 44, Batch 0, Loss: 1.3141
Epoch 44, Batch 20, Loss: 0.8160
Epoch 44, Batch 40, Loss: 1.0655
Epoch [44/100], Train Loss: 0.8889, Train Acc: 70.80%, Val Loss: 1.3966, Val Acc: 55.00%, Patience: 4/15
Epoch 45, Batch 0, Loss: 1.3134
Epoch 45, Batch 20, Loss: 1.0984
Epoch 45, Batch 40, Loss: 1.1250
Epoch [45/100], Train Loss: 0.8755, Train Acc: 72.60%, Val Loss: 1.4635, Val Acc: 52.50%, Patience: 5/15
Epoch 46, Batch 0, Loss: 0.5534
Epoch 46, Batch 20, Loss: 0.9732
Epoch 46, Batch 40, Loss: 0.9302
Epoch [46/100], Train Loss: 0.9521, Train Acc: 69.40%, Val Loss: 1.1296, Val Acc: 66.67%, Patience: 6/15
Epoch 47, Batch 0, Loss: 0.6848
Epoch 47, Batch 20, Loss: 0.6210
Epoch 47, Batch 40, Loss: 0.5381
Epoch [47/100], Train Loss: 0.7888, Train Acc: 77.20%, Val Loss: 1.0951, Val Acc: 62.50%, Patience: 0/15
Epoch 48, Batch 0, Loss: 0.7425
Epoch 48, Batch 20, Loss: 1.4260
Epoch 48, Batch 40, Loss: 0.9208
  → New best model saved! Val Acc: 70.00%
Epoch [48/100], Train Loss: 0.8297, Train Acc: 72.60%, Val Loss: 0.9531, Val Acc: 70.00%, Patience: 0/15
Epoch 49, Batch 0, Loss: 0.6663
Epoch 49, Batch 20, Loss: 1.2655
Epoch 49, Batch 40, Loss: 0.7817
Epoch [49/100], Train Loss: 0.7651, Train Acc: 75.20%, Val Loss: 1.4215, Val Acc: 55.00%, Patience: 1/15
Epoch 50, Batch 0, Loss: 0.5240
Epoch 50, Batch 20, Loss: 0.5747
Epoch 50, Batch 40, Loss: 0.7741
Epoch [50/100], Train Loss: 0.8211, Train Acc: 74.40%, Val Loss: 0.9672, Val Acc: 70.00%, Patience: 2/15
Epoch 51, Batch 0, Loss: 1.3173
Epoch 51, Batch 20, Loss: 1.3716
Epoch 51, Batch 40, Loss: 0.4815
Epoch [51/100], Train Loss: 0.7536, Train Acc: 78.20%, Val Loss: 1.0309, Val Acc: 66.67%, Patience: 3/15
Epoch 52, Batch 0, Loss: 0.8109
Epoch 52, Batch 20, Loss: 1.5875
Epoch 52, Batch 40, Loss: 0.5464
Epoch [52/100], Train Loss: 0.7849, Train Acc: 76.00%, Val Loss: 1.1410, Val Acc: 62.50%, Patience: 4/15
Epoch 53, Batch 0, Loss: 0.6408
Epoch 53, Batch 20, Loss: 1.0468
Epoch 53, Batch 40, Loss: 0.8414
Epoch [53/100], Train Loss: 0.7671, Train Acc: 73.80%, Val Loss: 1.2613, Val Acc: 59.17%, Patience: 5/15
Epoch 54, Batch 0, Loss: 0.7810
Epoch 54, Batch 20, Loss: 0.6502
Epoch 54, Batch 40, Loss: 1.4166
Epoch [54/100], Train Loss: 0.7952, Train Acc: 75.20%, Val Loss: 1.7196, Val Acc: 49.17%, Patience: 6/15
Epoch 55, Batch 0, Loss: 1.1489
Epoch 55, Batch 20, Loss: 0.6256
Epoch 55, Batch 40, Loss: 0.6459
Epoch [55/100], Train Loss: 0.7223, Train Acc: 77.40%, Val Loss: 1.0677, Val Acc: 65.00%, Patience: 7/15
Epoch 56, Batch 0, Loss: 0.7452
Epoch 56, Batch 20, Loss: 0.4571
Epoch 56, Batch 40, Loss: 0.4665
  → New best model saved! Val Acc: 75.00%
Epoch [56/100], Train Loss: 0.7109, Train Acc: 75.80%, Val Loss: 0.8308, Val Acc: 75.00%, Patience: 0/15
Epoch 57, Batch 0, Loss: 0.5172
Epoch 57, Batch 20, Loss: 0.6922
Epoch 57, Batch 40, Loss: 0.6018
Epoch [57/100], Train Loss: 0.7385, Train Acc: 75.00%, Val Loss: 1.0117, Val Acc: 64.17%, Patience: 1/15
Epoch 58, Batch 0, Loss: 0.6027
Epoch 58, Batch 20, Loss: 0.6096
Epoch 58, Batch 40, Loss: 0.2202
Epoch [58/100], Train Loss: 0.6145, Train Acc: 81.20%, Val Loss: 0.9364, Val Acc: 69.17%, Patience: 2/15
Epoch 59, Batch 0, Loss: 0.3319
Epoch 59, Batch 20, Loss: 0.7434
Epoch 59, Batch 40, Loss: 0.8279
Epoch [59/100], Train Loss: 0.6083, Train Acc: 80.80%, Val Loss: 1.1473, Val Acc: 61.67%, Patience: 3/15
Epoch 60, Batch 0, Loss: 1.2058
Epoch 60, Batch 20, Loss: 0.3975
Epoch 60, Batch 40, Loss: 0.3012
Epoch [60/100], Train Loss: 0.6473, Train Acc: 80.00%, Val Loss: 1.0847, Val Acc: 63.33%, Patience: 4/15
Epoch 61, Batch 0, Loss: 1.6080
Epoch 61, Batch 20, Loss: 0.4088
Epoch 61, Batch 40, Loss: 0.4951
Epoch [61/100], Train Loss: 0.6642, Train Acc: 76.60%, Val Loss: 1.0395, Val Acc: 67.50%, Patience: 5/15
Epoch 62, Batch 0, Loss: 0.9769
Epoch 62, Batch 20, Loss: 0.7171
Epoch 62, Batch 40, Loss: 0.4985
Epoch [62/100], Train Loss: 0.5917, Train Acc: 80.00%, Val Loss: 0.7529, Val Acc: 75.00%, Patience: 0/15
Epoch 63, Batch 0, Loss: 1.1106
Epoch 63, Batch 20, Loss: 0.8182
Epoch 63, Batch 40, Loss: 0.5007
Epoch [63/100], Train Loss: 0.6234, Train Acc: 79.20%, Val Loss: 1.0095, Val Acc: 70.83%, Patience: 1/15
Epoch 64, Batch 0, Loss: 0.4958
Epoch 64, Batch 20, Loss: 0.8290
Epoch 64, Batch 40, Loss: 0.3363
Epoch [64/100], Train Loss: 0.5680, Train Acc: 82.60%, Val Loss: 1.4237, Val Acc: 54.17%, Patience: 2/15
Epoch 65, Batch 0, Loss: 0.6141
Epoch 65, Batch 20, Loss: 0.3041
Epoch 65, Batch 40, Loss: 0.8414
Epoch [65/100], Train Loss: 0.5533, Train Acc: 82.00%, Val Loss: 1.0674, Val Acc: 63.33%, Patience: 3/15
Epoch 66, Batch 0, Loss: 0.2706
Epoch 66, Batch 20, Loss: 0.5051
Epoch 66, Batch 40, Loss: 0.9706
Epoch [66/100], Train Loss: 0.5904, Train Acc: 81.40%, Val Loss: 1.3182, Val Acc: 64.17%, Patience: 4/15
Epoch 67, Batch 0, Loss: 0.2330
Epoch 67, Batch 20, Loss: 0.3541
Epoch 67, Batch 40, Loss: 0.4102
Epoch [67/100], Train Loss: 0.5563, Train Acc: 83.00%, Val Loss: 1.1793, Val Acc: 67.50%, Patience: 5/15
Epoch 68, Batch 0, Loss: 0.3571
Epoch 68, Batch 20, Loss: 0.7525
Epoch 68, Batch 40, Loss: 0.6011
Epoch [68/100], Train Loss: 0.5388, Train Acc: 83.20%, Val Loss: 0.9134, Val Acc: 72.50%, Patience: 6/15
Epoch 69, Batch 0, Loss: 0.4327
Epoch 69, Batch 20, Loss: 0.2262
Epoch 69, Batch 40, Loss: 0.5532
Epoch [69/100], Train Loss: 0.4590, Train Acc: 85.60%, Val Loss: 1.1871, Val Acc: 63.33%, Patience: 7/15
Epoch 70, Batch 0, Loss: 0.4048
Epoch 70, Batch 20, Loss: 0.5918
Epoch 70, Batch 40, Loss: 0.4470
Epoch [70/100], Train Loss: 0.5478, Train Acc: 80.40%, Val Loss: 0.8339, Val Acc: 73.33%, Patience: 8/15
Epoch 71, Batch 0, Loss: 0.6995
Epoch 71, Batch 20, Loss: 0.2156
Epoch 71, Batch 40, Loss: 0.5495
Epoch [71/100], Train Loss: 0.5218, Train Acc: 83.20%, Val Loss: 1.0090, Val Acc: 69.17%, Patience: 9/15
Epoch 72, Batch 0, Loss: 0.4970
Epoch 72, Batch 20, Loss: 0.8425
Epoch 72, Batch 40, Loss: 0.3844
Epoch [72/100], Train Loss: 0.5235, Train Acc: 83.80%, Val Loss: 0.8225, Val Acc: 73.33%, Patience: 10/15
Epoch 73, Batch 0, Loss: 0.4638
Epoch 73, Batch 20, Loss: 1.6137
Epoch 73, Batch 40, Loss: 0.1412
  → New best model saved! Val Acc: 76.67%
Epoch [73/100], Train Loss: 0.5481, Train Acc: 82.00%, Val Loss: 0.7876, Val Acc: 76.67%, Patience: 0/15
Epoch 74, Batch 0, Loss: 0.2426
Epoch 74, Batch 20, Loss: 0.9993
Epoch 74, Batch 40, Loss: 0.2063
  → New best model saved! Val Acc: 83.33%
Epoch [74/100], Train Loss: 0.4984, Train Acc: 86.60%, Val Loss: 0.6608, Val Acc: 83.33%, Patience: 0/15
Epoch 75, Batch 0, Loss: 0.7097
Epoch 75, Batch 20, Loss: 0.3081
Epoch 75, Batch 40, Loss: 0.4654
Epoch [75/100], Train Loss: 0.4573, Train Acc: 84.40%, Val Loss: 1.0304, Val Acc: 66.67%, Patience: 1/15
Epoch 76, Batch 0, Loss: 0.4743
Epoch 76, Batch 20, Loss: 0.7398
Epoch 76, Batch 40, Loss: 0.2512
Epoch [76/100], Train Loss: 0.4944, Train Acc: 85.40%, Val Loss: 1.1671, Val Acc: 68.33%, Patience: 2/15
Epoch 77, Batch 0, Loss: 0.5787
Epoch 77, Batch 20, Loss: 0.1822
Epoch 77, Batch 40, Loss: 1.3108
Epoch [77/100], Train Loss: 0.4754, Train Acc: 85.60%, Val Loss: 1.0884, Val Acc: 70.00%, Patience: 3/15
Epoch 78, Batch 0, Loss: 0.3052
Epoch 78, Batch 20, Loss: 0.4124
Epoch 78, Batch 40, Loss: 0.0724
  → New best model saved! Val Acc: 84.17%
Epoch [78/100], Train Loss: 0.3899, Train Acc: 87.40%, Val Loss: 0.6085, Val Acc: 84.17%, Patience: 0/15
Epoch 79, Batch 0, Loss: 0.1125
Epoch 79, Batch 20, Loss: 0.2887
Epoch 79, Batch 40, Loss: 0.2513
Epoch [79/100], Train Loss: 0.4468, Train Acc: 86.40%, Val Loss: 0.7144, Val Acc: 78.33%, Patience: 1/15
Epoch 80, Batch 0, Loss: 0.4746
Epoch 80, Batch 20, Loss: 0.2099
Epoch 80, Batch 40, Loss: 0.4316
Epoch [80/100], Train Loss: 0.4267, Train Acc: 86.00%, Val Loss: 0.6847, Val Acc: 79.17%, Patience: 2/15
Epoch 81, Batch 0, Loss: 0.7701
Epoch 81, Batch 20, Loss: 0.2268
Epoch 81, Batch 40, Loss: 0.4126
Epoch [81/100], Train Loss: 0.4486, Train Acc: 85.80%, Val Loss: 0.7688, Val Acc: 74.17%, Patience: 3/15
Epoch 82, Batch 0, Loss: 0.2535
Epoch 82, Batch 20, Loss: 0.8781
Epoch 82, Batch 40, Loss: 1.0797
  → New best model saved! Val Acc: 85.00%
Epoch [82/100], Train Loss: 0.4545, Train Acc: 84.60%, Val Loss: 0.5313, Val Acc: 85.00%, Patience: 0/15
Epoch 83, Batch 0, Loss: 0.1665
Epoch 83, Batch 20, Loss: 0.6258
Epoch 83, Batch 40, Loss: 0.6115
Epoch [83/100], Train Loss: 0.4403, Train Acc: 86.00%, Val Loss: 0.8035, Val Acc: 78.33%, Patience: 1/15
Epoch 84, Batch 0, Loss: 0.2258
Epoch 84, Batch 20, Loss: 0.5076
Epoch 84, Batch 40, Loss: 1.0743
Epoch [84/100], Train Loss: 0.4521, Train Acc: 84.00%, Val Loss: 1.0081, Val Acc: 68.33%, Patience: 2/15
Epoch 85, Batch 0, Loss: 0.3622
Epoch 85, Batch 20, Loss: 0.2421
Epoch 85, Batch 40, Loss: 0.4880
Epoch [85/100], Train Loss: 0.3965, Train Acc: 87.40%, Val Loss: 0.7608, Val Acc: 76.67%, Patience: 3/15
Epoch 86, Batch 0, Loss: 0.7657
Epoch 86, Batch 20, Loss: 0.6319
Epoch 86, Batch 40, Loss: 0.4234
Epoch [86/100], Train Loss: 0.4349, Train Acc: 87.20%, Val Loss: 0.7158, Val Acc: 75.00%, Patience: 4/15
Epoch 87, Batch 0, Loss: 0.0484
Epoch 87, Batch 20, Loss: 0.2492
Epoch 87, Batch 40, Loss: 0.4411
Epoch [87/100], Train Loss: 0.4012, Train Acc: 86.80%, Val Loss: 0.6866, Val Acc: 79.17%, Patience: 5/15
Epoch 88, Batch 0, Loss: 0.2734
Epoch 88, Batch 20, Loss: 1.2009
Epoch 88, Batch 40, Loss: 0.4866
Epoch [88/100], Train Loss: 0.3823, Train Acc: 88.20%, Val Loss: 1.0875, Val Acc: 64.17%, Patience: 6/15
Epoch 89, Batch 0, Loss: 0.0667
Epoch 89, Batch 20, Loss: 0.2182
Epoch 89, Batch 40, Loss: 0.2476
Epoch [89/100], Train Loss: 0.4484, Train Acc: 85.60%, Val Loss: 0.6907, Val Acc: 79.17%, Patience: 7/15
Epoch 90, Batch 0, Loss: 0.6361
Epoch 90, Batch 20, Loss: 0.3739
Epoch 90, Batch 40, Loss: 0.8594
Epoch [90/100], Train Loss: 0.3658, Train Acc: 87.60%, Val Loss: 0.7030, Val Acc: 80.83%, Patience: 8/15
Epoch 91, Batch 0, Loss: 0.4210
Epoch 91, Batch 20, Loss: 0.1137
Epoch 91, Batch 40, Loss: 0.4117
Epoch [91/100], Train Loss: 0.3894, Train Acc: 87.80%, Val Loss: 0.7677, Val Acc: 75.83%, Patience: 9/15
Epoch 92, Batch 0, Loss: 0.3402
Epoch 92, Batch 20, Loss: 0.2261
Epoch 92, Batch 40, Loss: 0.6121
Epoch [92/100], Train Loss: 0.3664, Train Acc: 88.00%, Val Loss: 0.8907, Val Acc: 78.33%, Patience: 10/15
Epoch 93, Batch 0, Loss: 0.2079
Epoch 93, Batch 20, Loss: 0.3854
Epoch 93, Batch 40, Loss: 0.0486
Epoch [93/100], Train Loss: 0.3902, Train Acc: 87.20%, Val Loss: 0.8137, Val Acc: 79.17%, Patience: 11/15
Epoch 94, Batch 0, Loss: 0.2883
Epoch 94, Batch 20, Loss: 0.1344
Epoch 94, Batch 40, Loss: 0.4873
Epoch [94/100], Train Loss: 0.3686, Train Acc: 87.20%, Val Loss: 0.8230, Val Acc: 78.33%, Patience: 12/15
Epoch 95, Batch 0, Loss: 0.3592
Epoch 95, Batch 20, Loss: 0.1689
Epoch 95, Batch 40, Loss: 0.2643
Epoch [95/100], Train Loss: 0.4207, Train Acc: 88.20%, Val Loss: 0.6492, Val Acc: 80.83%, Patience: 13/15
Epoch 96, Batch 0, Loss: 0.1956
Epoch 96, Batch 20, Loss: 0.0756
Epoch 96, Batch 40, Loss: 0.2872
Epoch [96/100], Train Loss: 0.2909, Train Acc: 90.80%, Val Loss: 0.7772, Val Acc: 69.17%, Patience: 14/15
Epoch 97, Batch 0, Loss: 0.1310
Epoch 97, Batch 20, Loss: 0.3860
Epoch 97, Batch 40, Loss: 1.4841
Epoch [97/100], Train Loss: 0.3301, Train Acc: 90.80%, Val Loss: 0.9370, Val Acc: 74.17%, Patience: 15/15

Early stopping triggered at epoch 97
Best validation accuracy: 85.00%
Training completed!
Best validation accuracy: 85.00%

============================================================
EVALUATING ON TEST SET
============================================================
Batch 0/12, Running Accuracy: 90.00%
Batch 10/12, Running Accuracy: 79.09%

Final Test Accuracy: 80.00%

============================================================
DETAILED CLASSIFICATION REPORT
============================================================
                   precision    recall  f1-score   support

 BodyWeightSquats     0.6471    0.9167    0.7586        12
 HandstandPushups     0.6667    0.8333    0.7407        12
 HandstandWalking     0.7000    0.5833    0.6364        12
         JumpRope     0.9000    0.7500    0.8182        12
      JumpingJack     1.0000    0.9167    0.9565        12
           Lunges     1.0000    0.5000    0.6667        12
          PullUps     0.8333    0.8333    0.8333        12
          PushUps     1.0000    0.8333    0.9091        12
TrampolineJumping     0.9167    0.9167    0.9167        12
      WallPushups     0.6471    0.9167    0.7586        12

         accuracy                         0.8000       120
        macro avg     0.8311    0.8000    0.7995       120
     weighted avg     0.8311    0.8000    0.7995       120


Model saved as final_model.pth
Results saved as experiment_results.json

------------------------------------------------------------
Sender: LSF System <lsfadmin@hpc.dtu.dk>
Subject: Job 26605557: <single_frame_cnn> in cluster <dcc> Done

Job <single_frame_cnn> was submitted from host <hpclogin1> by user <s214397> in cluster <dcc> at Wed Oct 22 20:36:21 2025
Job was executed on host(s) <4*n-62-18-13>, in queue <c02516>, as user <s214397> in cluster <dcc> at Wed Oct 22 20:36:21 2025
</zhome/86/c/167853> was used as the home directory.
</zhome/86/c/167853/02516-video-classification> was used as the working directory.
Started at Wed Oct 22 20:36:21 2025
Terminated at Wed Oct 22 20:53:45 2025
Results reported at Wed Oct 22 20:53:45 2025

Your job looked like:

------------------------------------------------------------
# LSBATCH: User input
#!/bin/sh
### ------------- specify queue name ----------------
#BSUB -q c02516
### ------------- specify gpu request----------------
#BSUB -gpu "num=1:mode=exclusive_process"
### ------------- specify job name ----------------
#BSUB -J single_frame_cnn
### ------------- specify number of cores ----------------
#BSUB -n 4
#BSUB -R "span[hosts=1]"

#BSUB -R "rusage[mem=20GB]"

### ------------- specify wall-clock time (max allowed is 12:00)---------------- 
#BSUB -W 08:00

#BSUB -o OUTPUT_FILE%J.out
#BSUB -e OUTPUT_FILE%J.err

source venv_proj2/bin/activate
python 3D_CNN.py

------------------------------------------------------------

Successfully completed.

Resource usage summary:

    CPU time :                                   997.11 sec.
    Max Memory :                                 1210 MB
    Average Memory :                             1151.00 MB
    Total Requested Memory :                     81920.00 MB
    Delta Memory :                               80710.00 MB
    Max Swap :                                   -
    Max Processes :                              4
    Max Threads :                                8
    Run time :                                   1069 sec.
    Turnaround time :                            1044 sec.

The output (if any) is above this job summary.



PS:

Read file <OUTPUT_FILE26605557.err> for stderr output of this job.

